<?xml version="1.0" encoding="utf-8"?><testsuites name="pytest tests"><testsuite name="pytest" errors="0" failures="0" skipped="0" tests="11" time="3.421" timestamp="2026-02-27T18:48:12.559232+00:00" hostname="agent-env-1647d4e2-e7c8-4813-bdf6-cbdb929abdef"><testcase classname="backend.tests.test_soccer_api.TestHealthEndpoint" name="test_health_endpoint" time="0.143" /><testcase classname="backend.tests.test_soccer_api.TestSearchEndpoints" name="test_search_teams_brondby" time="0.388" /><testcase classname="backend.tests.test_soccer_api.TestSearchEndpoints" name="test_search_teams_nonexistent" time="0.409" /><testcase classname="backend.tests.test_soccer_api.TestSearchEndpoints" name="test_search_teams_min_length" time="0.107" /><testcase classname="backend.tests.test_soccer_api.TestSearchEndpoints" name="test_search_players_brondby" time="0.373" /><testcase classname="backend.tests.test_soccer_api.TestTeamEndpoints" name="test_get_team_brondby" time="0.362" /><testcase classname="backend.tests.test_soccer_api.TestTeamEndpoints" name="test_get_team_includes_jersey_numbers" time="0.357" /><testcase classname="backend.tests.test_soccer_api.TestTeamEndpoints" name="test_get_team_invalid_id" time="0.360" /><testcase classname="backend.tests.test_soccer_api.TestRootEndpoint" name="test_root_endpoint" time="0.139" /><testcase classname="backend.tests.test_soccer_api.TestLeagueAndStandings" name="test_get_leagues" time="0.348" /><testcase classname="backend.tests.test_soccer_api.TestLeagueAndStandings" name="test_get_livescores" time="0.372" /></testsuite></testsuites>