<?xml version="1.0" encoding="utf-8"?><testsuites name="pytest tests"><testsuite name="pytest" errors="0" failures="0" skipped="0" tests="16" time="5.442" timestamp="2026-02-27T19:05:46.036558+00:00" hostname="agent-env-1647d4e2-e7c8-4813-bdf6-cbdb929abdef"><testcase classname="backend.tests.test_soccer_api.TestHealthEndpoint" name="test_health_endpoint" time="0.149" /><testcase classname="backend.tests.test_soccer_api.TestSearchEndpoints" name="test_search_teams_brondby" time="0.438" /><testcase classname="backend.tests.test_soccer_api.TestSearchEndpoints" name="test_search_teams_nonexistent" time="0.450" /><testcase classname="backend.tests.test_soccer_api.TestSearchEndpoints" name="test_search_teams_min_length" time="0.104" /><testcase classname="backend.tests.test_soccer_api.TestSearchEndpoints" name="test_search_players_brondby" time="0.366" /><testcase classname="backend.tests.test_soccer_api.TestTeamEndpoints" name="test_get_team_brondby" time="0.318" /><testcase classname="backend.tests.test_soccer_api.TestTeamEndpoints" name="test_get_team_includes_jersey_numbers" time="0.359" /><testcase classname="backend.tests.test_soccer_api.TestTeamEndpoints" name="test_get_team_invalid_id" time="0.351" /><testcase classname="backend.tests.test_soccer_api.TestRootEndpoint" name="test_root_endpoint" time="0.123" /><testcase classname="backend.tests.test_soccer_api.TestLeagueAndStandings" name="test_get_leagues" time="0.380" /><testcase classname="backend.tests.test_soccer_api.TestLeagueAndStandings" name="test_get_livescores" time="0.335" /><testcase classname="backend.tests.test_soccer_api.TestFixtureEndpoints" name="test_fixture_returns_state_id" time="0.383" /><testcase classname="backend.tests.test_soccer_api.TestFixtureEndpoints" name="test_fixture_lineups_have_player_data" time="0.405" /><testcase classname="backend.tests.test_soccer_api.TestFixtureEndpoints" name="test_fixture_has_formations" time="0.379" /><testcase classname="backend.tests.test_soccer_api.TestFixtureEndpoints" name="test_fixture_has_events" time="0.444" /><testcase classname="backend.tests.test_soccer_api.TestFixtureEndpoints" name="test_fixture_participants_have_meta" time="0.379" /></testsuite></testsuites>